# JRE version: Java(TM) SE Runtime Environment (8.0_241-b07) (build 1.8.0_241-b07)
# Java VM: Java HotSpot(TM) 64-Bit Server VM (25.241-b07 mixed mode windows-amd64 compressed oops)
Heap:
 PSYoungGen      total 173568K, used 40729K [0x00000000d6500000, 0x00000000e3980000, 0x0000000100000000)
  eden space 162816K, 18% used [0x00000000d6500000,0x00000000d82481e0,0x00000000e0400000)
  from space 10752K, 99% used [0x00000000e1180000,0x00000000e1bfe3c0,0x00000000e1c00000)
  to   space 13824K, 0% used [0x00000000e0400000,0x00000000e0400000,0x00000000e1180000)
 ParOldGen       total 84480K, used 57956K [0x0000000082e00000, 0x0000000088080000, 0x00000000d6500000)
  object space 84480K, 68% used [0x0000000082e00000,0x0000000086699138,0x0000000088080000)
 Metaspace       used 55621K, capacity 57984K, committed 58112K, reserved 1099776K
  class space    used 7710K, capacity 8183K, committed 8192K, reserved 1048576K
GC Heap History (10 events):
Event: 6.075 GC heap before
{Heap before GC invocations=10 (full 2):
 PSYoungGen      total 173568K, used 10738K [0x00000000d6500000, 0x00000000e3980000, 0x0000000100000000)
  eden space 162816K, 0% used [0x00000000d6500000,0x00000000d6500000,0x00000000e0400000)
  from space 10752K, 99% used [0x00000000e1180000,0x00000000e1bfc930,0x00000000e1c00000)
  to   space 13824K, 0% used [0x00000000e0400000,0x00000000e0400000,0x00000000e1180000)
 ParOldGen       total 59392K, used 14270K [0x0000000082e00000, 0x0000000086800000, 0x00000000d6500000)
  object space 59392K, 24% used [0x0000000082e00000,0x0000000083befa00,0x0000000086800000)
 Metaspace       used 33720K, capacity 35388K, committed 35496K, reserved 1079296K
  class space    used 4475K, capacity 4765K, committed 4864K, reserved 1048576K
Event: 6.128 GC heap after
Heap after GC invocations=10 (full 2):
 PSYoungGen      total 173568K, used 0K [0x00000000d6500000, 0x00000000e3980000, 0x0000000100000000)
  eden space 162816K, 0% used [0x00000000d6500000,0x00000000d6500000,0x00000000e0400000)
  from space 10752K, 0% used [0x00000000e1180000,0x00000000e1180000,0x00000000e1c00000)
  to   space 13824K, 0% used [0x00000000e0400000,0x00000000e0400000,0x00000000e1180000)
 ParOldGen       total 84480K, used 17945K [0x0000000082e00000, 0x0000000088080000, 0x00000000d6500000)
  object space 84480K, 21% used [0x0000000082e00000,0x0000000083f864e0,0x0000000088080000)
 Metaspace       used 33720K, capacity 35388K, committed 35496K, reserved 1079296K
  class space    used 4475K, capacity 4765K, committed 4864K, reserved 1048576K
}
Event: 7.013 GC heap before
{Heap before GC invocations=11 (full 2):
 PSYoungGen      total 173568K, used 162816K [0x00000000d6500000, 0x00000000e3980000, 0x0000000100000000)
  eden space 162816K, 100% used [0x00000000d6500000,0x00000000e0400000,0x00000000e0400000)
  from space 10752K, 0% used [0x00000000e1180000,0x00000000e1180000,0x00000000e1c00000)
  to   space 13824K, 0% used [0x00000000e0400000,0x00000000e0400000,0x00000000e1180000)
 ParOldGen       total 84480K, used 17945K [0x0000000082e00000, 0x0000000088080000, 0x00000000d6500000)
  object space 84480K, 21% used [0x0000000082e00000,0x0000000083f864e0,0x0000000088080000)
 Metaspace       used 38037K, capacity 39974K, committed 40064K, reserved 1083392K
  class space    used 5120K, capacity 5490K, committed 5504K, reserved 1048576K
Event: 7.049 GC heap after
Heap after GC invocations=11 (full 2):
 PSYoungGen      total 176640K, used 8459K [0x00000000d6500000, 0x00000000e3980000, 0x0000000100000000)
  eden space 162816K, 0% used [0x00000000d6500000,0x00000000d6500000,0x00000000e0400000)
  from space 13824K, 61% used [0x00000000e0400000,0x00000000e0c42c88,0x00000000e1180000)
  to   space 10752K, 0% used [0x00000000e1180000,0x00000000e1180000,0x00000000e1c00000)
 ParOldGen       total 84480K, used 17953K [0x0000000082e00000, 0x0000000088080000, 0x00000000d6500000)
  object space 84480K, 21% used [0x0000000082e00000,0x0000000083f884e0,0x0000000088080000)
 Metaspace       used 38037K, capacity 39974K, committed 40064K, reserved 1083392K
  class space    used 5120K, capacity 5490K, committed 5504K, reserved 1048576K
}
Event: 7.827 GC heap before
{Heap before GC invocations=12 (full 2):
 PSYoungGen      total 176640K, used 171275K [0x00000000d6500000, 0x00000000e3980000, 0x0000000100000000)
  eden space 162816K, 100% used [0x00000000d6500000,0x00000000e0400000,0x00000000e0400000)
  from space 13824K, 61% used [0x00000000e0400000,0x00000000e0c42c88,0x00000000e1180000)
  to   space 10752K, 0% used [0x00000000e1180000,0x00000000e1180000,0x00000000e1c00000)
 ParOldGen       total 84480K, used 17953K [0x0000000082e00000, 0x0000000088080000, 0x00000000d6500000)
  object space 84480K, 21% used [0x0000000082e00000,0x0000000083f884e0,0x0000000088080000)
 Metaspace       used 40113K, capacity 42148K, committed 42240K, reserved 1085440K
  class space    used 5479K, capacity 5887K, committed 5888K, reserved 1048576K
Event: 7.842 GC heap after
Heap after GC invocations=12 (full 2):
 PSYoungGen      total 173568K, used 10721K [0x00000000d6500000, 0x00000000e3980000, 0x0000000100000000)
  eden space 162816K, 0% used [0x00000000d6500000,0x00000000d6500000,0x00000000e0400000)
  from space 10752K, 99% used [0x00000000e1180000,0x00000000e1bf85d8,0x00000000e1c00000)
  to   space 13824K, 0% used [0x00000000e0400000,0x00000000e0400000,0x00000000e1180000)
 ParOldGen       total 84480K, used 29025K [0x0000000082e00000, 0x0000000088080000, 0x00000000d6500000)
  object space 84480K, 34% used [0x0000000082e00000,0x0000000084a58420,0x0000000088080000)
 Metaspace       used 40113K, capacity 42148K, committed 42240K, reserved 1085440K
  class space    used 5479K, capacity 5887K, committed 5888K, reserved 1048576K
}
Event: 8.688 GC heap before
{Heap before GC invocations=13 (full 2):
 PSYoungGen      total 173568K, used 173537K [0x00000000d6500000, 0x00000000e3980000, 0x0000000100000000)
  eden space 162816K, 100% used [0x00000000d6500000,0x00000000e0400000,0x00000000e0400000)
  from space 10752K, 99% used [0x00000000e1180000,0x00000000e1bf85d8,0x00000000e1c00000)
  to   space 13824K, 0% used [0x00000000e0400000,0x00000000e0400000,0x00000000e1180000)
 ParOldGen       total 84480K, used 29025K [0x0000000082e00000, 0x0000000088080000, 0x00000000d6500000)
  object space 84480K, 34% used [0x0000000082e00000,0x0000000084a58420,0x0000000088080000)
 Metaspace       used 40142K, capacity 42158K, committed 42240K, reserved 1085440K
  class space    used 5488K, capacity 5888K, committed 5888K, reserved 1048576K
Event: 8.709 GC heap after
Heap after GC invocations=13 (full 2):
 PSYoungGen      total 176640K, used 13805K [0x00000000d6500000, 0x00000000e3980000, 0x0000000100000000)
  eden space 162816K, 0% used [0x00000000d6500000,0x00000000d6500000,0x00000000e0400000)
  from space 13824K, 99% used [0x00000000e0400000,0x00000000e117b4b0,0x00000000e1180000)
  to   space 10752K, 0% used [0x00000000e1180000,0x00000000e1180000,0x00000000e1c00000)
 ParOldGen       total 84480K, used 46941K [0x0000000082e00000, 0x0000000088080000, 0x00000000d6500000)
  object space 84480K, 55% used [0x0000000082e00000,0x0000000085bd7688,0x0000000088080000)
 Metaspace       used 40142K, capacity 42158K, committed 42240K, reserved 1085440K
  class space    used 5488K, capacity 5888K, committed 5888K, reserved 1048576K
}
Event: 10.256 GC heap before
{Heap before GC invocations=14 (full 2):
 PSYoungGen      total 176640K, used 176621K [0x00000000d6500000, 0x00000000e3980000, 0x0000000100000000)
  eden space 162816K, 100% used [0x00000000d6500000,0x00000000e0400000,0x00000000e0400000)
  from space 13824K, 99% used [0x00000000e0400000,0x00000000e117b4b0,0x00000000e1180000)
  to   space 10752K, 0% used [0x00000000e1180000,0x00000000e1180000,0x00000000e1c00000)
 ParOldGen       total 84480K, used 46941K [0x0000000082e00000, 0x0000000088080000, 0x00000000d6500000)
  object space 84480K, 55% used [0x0000000082e00000,0x0000000085bd7688,0x0000000088080000)
 Metaspace       used 53820K, capacity 56074K, committed 56320K, reserved 1097728K
  class space    used 7480K, capacity 7906K, committed 7936K, reserved 1048576K
Event: 10.269 GC heap after
Heap after GC invocations=14 (full 2):
 PSYoungGen      total 173568K, used 10744K [0x00000000d6500000, 0x00000000e3980000, 0x0000000100000000)
  eden space 162816K, 0% used [0x00000000d6500000,0x00000000d6500000,0x00000000e0400000)
  from space 10752K, 99% used [0x00000000e1180000,0x00000000e1bfe3c0,0x00000000e1c00000)
  to   space 13824K, 0% used [0x00000000e0400000,0x00000000e0400000,0x00000000e1180000)
 ParOldGen       total 84480K, used 57956K [0x0000000082e00000, 0x0000000088080000, 0x00000000d6500000)
  object space 84480K, 68% used [0x0000000082e00000,0x0000000086699138,0x0000000088080000)
 Metaspace       used 53820K, capacity 56074K, committed 56320K, reserved 1097728K
  class space    used 7480K, capacity 7906K, committed 7936K, reserved 1048576K
}

